<?xml version="1.0" encoding="UTF-8"?>
<!-- Generated by org.testng.reporters.JUnitReportReporter -->
<testsuite hostname="LAPTOP-07C5PU1R" failures="0" tests="1" name="Getcustomerdetails" time="0.064" errors="0" timestamp="2024-08-10T09:32:45 IST" skipped="0">
  <testcase classname="Getcustomerdetails" name="getshippingdetails" time="0.064"/>
</testsuite> <!-- Getcustomerdetails -->
